08-12-2024 18:09:44.798 [main] INFO  -c.h.i.InterviewerServiceApplicationTests - Starting InterviewerServiceApplicationTests v1.0.0 using Java 21.0.5 with PID 1147 (started by swadik in /Users/swadik/Downloads/SPEProject-main 2/backend/interviewer-service)
08-12-2024 18:09:44.800 [main] INFO  -c.h.i.InterviewerServiceApplicationTests - No active profile set, falling back to 1 default profile: "default"
08-12-2024 18:11:20.232 [main] INFO  -c.h.i.InterviewerServiceApplicationTests - Starting InterviewerServiceApplicationTests v1.0.0 using Java 21.0.5 with PID 1272 (started by swadik in /Users/swadik/Downloads/SPEProject-main 2/backend/interviewer-service)
08-12-2024 18:11:20.233 [main] INFO  -c.h.i.InterviewerServiceApplicationTests - No active profile set, falling back to 1 default profile: "default"
08-12-2024 18:11:21.799 [main] INFO  -c.h.i.InterviewerServiceApplicationTests - Started InterviewerServiceApplicationTests in 1.654 seconds (process running for 2.15)
08-12-2024 18:43:06.602 [main] INFO  -c.h.i.InterviewerServiceApplicationTests - Starting InterviewerServiceApplicationTests v1.0.0 using Java 21.0.5 with PID 1618 (started by swadik in /Users/swadik/Downloads/SPEProject-main 2/backend/interviewer-service)
08-12-2024 18:43:06.604 [main] INFO  -c.h.i.InterviewerServiceApplicationTests - No active profile set, falling back to 1 default profile: "default"
08-12-2024 18:43:08.316 [main] INFO  -c.h.i.InterviewerServiceApplicationTests - Started InterviewerServiceApplicationTests in 1.8 seconds (process running for 2.3)
08-12-2024 19:03:36.625 [main] INFO  -c.h.i.InterviewerServiceApplicationTests - Starting InterviewerServiceApplicationTests v1.0.0 using Java 21.0.5 with PID 2038 (started by swadik in /Users/swadik/Downloads/SPEProject-main 2/backend/interviewer-service)
08-12-2024 19:03:36.627 [main] INFO  -c.h.i.InterviewerServiceApplicationTests - No active profile set, falling back to 1 default profile: "default"
08-12-2024 19:03:38.227 [main] INFO  -c.h.i.InterviewerServiceApplicationTests - Started InterviewerServiceApplicationTests in 1.69 seconds (process running for 2.177)
08-12-2024 19:37:02.135 [main] INFO  -c.h.i.InterviewerServiceApplicationTests - Starting InterviewerServiceApplicationTests v1.0.0 using Java 21.0.5 with PID 3234 (started by swadik in /Users/swadik/Downloads/SPEProject-main-2/backend/interviewer-service)
08-12-2024 19:37:02.137 [main] INFO  -c.h.i.InterviewerServiceApplicationTests - No active profile set, falling back to 1 default profile: "default"
08-12-2024 19:37:03.723 [main] INFO  -c.h.i.InterviewerServiceApplicationTests - Started InterviewerServiceApplicationTests in 1.677 seconds (process running for 2.176)
10-12-2024 11:07:05.845 [main] INFO  -c.h.i.InterviewerServiceApplicationTests - Starting InterviewerServiceApplicationTests v1.0.0 using Java 21.0.5 with PID 9273 (started by swadik in /Users/swadik/Documents/GitHub/SPEProject/backend/interviewer-service)
10-12-2024 11:07:05.847 [main] INFO  -c.h.i.InterviewerServiceApplicationTests - No active profile set, falling back to 1 default profile: "default"
10-12-2024 11:07:07.469 [main] INFO  -c.h.i.InterviewerServiceApplicationTests - Started InterviewerServiceApplicationTests in 1.712 seconds (process running for 2.206)
10-12-2024 14:04:56.979 [main] INFO  -c.h.i.InterviewerServiceApplicationTests - Starting InterviewerServiceApplicationTests v1.0.0 using Java 21.0.5 with PID 12959 (started by swadik in /Users/swadik/Documents/GitHub/SPEProject/backend/interviewer-service)
10-12-2024 14:04:56.981 [main] INFO  -c.h.i.InterviewerServiceApplicationTests - No active profile set, falling back to 1 default profile: "default"
10-12-2024 14:04:58.606 [main] INFO  -c.h.i.InterviewerServiceApplicationTests - Started InterviewerServiceApplicationTests in 1.717 seconds (process running for 2.253)
10-12-2024 14:07:45.236 [main] INFO  -c.h.i.InterviewerServiceApplicationTests - Starting InterviewerServiceApplicationTests v1.0.0 using Java 21.0.5 with PID 13339 (started by swadik in /Users/swadik/Documents/GitHub/SPEProject/backend/interviewer-service)
10-12-2024 14:07:45.238 [main] INFO  -c.h.i.InterviewerServiceApplicationTests - No active profile set, falling back to 1 default profile: "default"
10-12-2024 14:07:46.842 [main] INFO  -c.h.i.InterviewerServiceApplicationTests - Started InterviewerServiceApplicationTests in 1.695 seconds (process running for 2.191)
10-12-2024 22:04:10.083 [main] INFO  -c.h.i.InterviewerServiceApplicationTests - Starting InterviewerServiceApplicationTests v1.0.0 using Java 21.0.5 with PID 27486 (started by swadik in /Users/swadik/Documents/GitHub/SPEProject/backend/interviewer-service)
10-12-2024 22:04:10.085 [main] INFO  -c.h.i.InterviewerServiceApplicationTests - No active profile set, falling back to 1 default profile: "default"
10-12-2024 22:04:11.677 [main] INFO  -c.h.i.InterviewerServiceApplicationTests - Started InterviewerServiceApplicationTests in 1.688 seconds (process running for 2.185)
10-12-2024 22:19:35.271 [main] INFO  -c.h.i.InterviewerServiceApplicationTests - Starting InterviewerServiceApplicationTests v1.0.0 using Java 21.0.5 with PID 27978 (started by swadik in /Users/swadik/Documents/GitHub/SPEProject/backend/interviewer-service)
10-12-2024 22:19:35.273 [main] INFO  -c.h.i.InterviewerServiceApplicationTests - No active profile set, falling back to 1 default profile: "default"
10-12-2024 22:19:36.871 [main] INFO  -c.h.i.InterviewerServiceApplicationTests - Started InterviewerServiceApplicationTests in 1.689 seconds (process running for 2.169)
11-12-2024 00:08:31.294 [main] INFO  -c.h.i.InterviewerServiceApplicationTests - Starting InterviewerServiceApplicationTests v1.0.0 using Java 21.0.5 with PID 30846 (started by swadik in /Users/swadik/Documents/GitHub/SPEProject/backend/interviewer-service)
11-12-2024 00:08:31.296 [main] INFO  -c.h.i.InterviewerServiceApplicationTests - No active profile set, falling back to 1 default profile: "default"
11-12-2024 00:08:32.846 [main] INFO  -c.h.i.InterviewerServiceApplicationTests - Started InterviewerServiceApplicationTests in 1.636 seconds (process running for 2.127)
11-12-2024 01:25:37.351 [main] INFO  -c.h.i.InterviewerServiceApplicationTests - Starting InterviewerServiceApplicationTests v1.0.0 using Java 21.0.5 with PID 34343 (started by swadik in /Users/swadik/Documents/GitHub/SPEProject/backend/interviewer-service)
11-12-2024 01:25:37.352 [main] INFO  -c.h.i.InterviewerServiceApplicationTests - No active profile set, falling back to 1 default profile: "default"
11-12-2024 01:25:38.921 [main] INFO  -c.h.i.InterviewerServiceApplicationTests - Started InterviewerServiceApplicationTests in 1.658 seconds (process running for 2.191)
11-12-2024 01:50:31.450 [main] INFO  -c.h.i.InterviewerServiceApplicationTests - Starting InterviewerServiceApplicationTests v1.0.0 using Java 21.0.5 with PID 35056 (started by swadik in /Users/swadik/Documents/GitHub/SPEProject/backend/interviewer-service)
11-12-2024 01:50:31.452 [main] INFO  -c.h.i.InterviewerServiceApplicationTests - No active profile set, falling back to 1 default profile: "default"
11-12-2024 01:50:32.971 [main] INFO  -c.h.i.InterviewerServiceApplicationTests - Started InterviewerServiceApplicationTests in 1.607 seconds (process running for 2.124)
11-12-2024 11:15:28.791 [main] INFO  -c.h.i.InterviewerServiceApplicationTests - Starting InterviewerServiceApplicationTests v1.0.0 using Java 21.0.5 with PID 36819 (started by swadik in /Users/swadik/Documents/GitHub/SPEProject/backend/interviewer-service)
11-12-2024 11:15:28.793 [main] INFO  -c.h.i.InterviewerServiceApplicationTests - No active profile set, falling back to 1 default profile: "default"
11-12-2024 11:15:30.384 [main] INFO  -c.h.i.InterviewerServiceApplicationTests - Started InterviewerServiceApplicationTests in 1.684 seconds (process running for 2.194)
11-12-2024 11:33:34.233 [main] INFO  -c.h.i.InterviewerServiceApplicationTests - Starting InterviewerServiceApplicationTests v1.0.0 using Java 21.0.5 with PID 37717 (started by swadik in /Users/swadik/Documents/GitHub/SPEProject/backend/interviewer-service)
11-12-2024 11:33:34.235 [main] INFO  -c.h.i.InterviewerServiceApplicationTests - No active profile set, falling back to 1 default profile: "default"
11-12-2024 11:33:35.795 [main] INFO  -c.h.i.InterviewerServiceApplicationTests - Started InterviewerServiceApplicationTests in 1.65 seconds (process running for 2.153)
12-12-2024 03:34:53.905 [main] INFO  -c.h.i.InterviewerServiceApplicationTests - Starting InterviewerServiceApplicationTests v1.0.0 using Java 21.0.5 with PID 43856 (started by swadik in /Users/swadik/Documents/GitHub/SPEProject/backend/interviewer-service)
12-12-2024 03:34:53.907 [main] INFO  -c.h.i.InterviewerServiceApplicationTests - No active profile set, falling back to 1 default profile: "default"
12-12-2024 03:34:55.496 [main] INFO  -c.h.i.InterviewerServiceApplicationTests - Started InterviewerServiceApplicationTests in 1.68 seconds (process running for 2.178)
12-12-2024 08:09:27.701 [main] INFO  -c.h.i.InterviewerServiceApplicationTests - Starting InterviewerServiceApplicationTests v1.0.0 using Java 21.0.5 with PID 46385 (started by swadik in /Users/swadik/Documents/GitHub/SPEProject/backend/interviewer-service)
12-12-2024 08:09:27.702 [main] INFO  -c.h.i.InterviewerServiceApplicationTests - No active profile set, falling back to 1 default profile: "default"
12-12-2024 08:09:29.309 [main] INFO  -c.h.i.InterviewerServiceApplicationTests - Started InterviewerServiceApplicationTests in 1.695 seconds (process running for 2.202)
12-12-2024 09:23:39.196 [main] INFO  -c.h.i.InterviewerServiceApplicationTests - Starting InterviewerServiceApplicationTests v1.0.0 using Java 21.0.5 with PID 47227 (started by swadik in /Users/swadik/Documents/GitHub/SPEProject/backend/interviewer-service)
12-12-2024 09:23:39.198 [main] INFO  -c.h.i.InterviewerServiceApplicationTests - No active profile set, falling back to 1 default profile: "default"
12-12-2024 09:23:40.846 [main] INFO  -c.h.i.InterviewerServiceApplicationTests - Started InterviewerServiceApplicationTests in 1.748 seconds (process running for 2.281)
12-12-2024 10:16:58.921 [main] INFO  -c.h.i.InterviewerServiceApplicationTests - Starting InterviewerServiceApplicationTests v1.0.0 using Java 21.0.5 with PID 48287 (started by swadik in /Users/swadik/Documents/GitHub/SPEProject/backend/interviewer-service)
12-12-2024 10:16:58.923 [main] INFO  -c.h.i.InterviewerServiceApplicationTests - No active profile set, falling back to 1 default profile: "default"
12-12-2024 10:17:00.491 [main] INFO  -c.h.i.InterviewerServiceApplicationTests - Started InterviewerServiceApplicationTests in 1.657 seconds (process running for 2.149)
12-12-2024 19:10:27.678 [main] INFO  -c.h.i.InterviewerServiceApplicationTests - Starting InterviewerServiceApplicationTests v1.0.0 using Java 21.0.5 with PID 72240 (started by swadik in /Users/swadik/Documents/GitHub/SPEProject/backend/interviewer-service)
12-12-2024 19:10:27.679 [main] INFO  -c.h.i.InterviewerServiceApplicationTests - No active profile set, falling back to 1 default profile: "default"
12-12-2024 19:10:29.458 [main] INFO  -c.h.i.InterviewerServiceApplicationTests - Started InterviewerServiceApplicationTests in 1.917 seconds (process running for 2.455)
